Code/app/build/intermediates/manifest_merge_blame_file/debug/manifest-merger-blame-debug-report.txt
1<?xml version="1.0" encoding="utf-8"?>
2<manifest xmlns:android="http://schemas.android.com/apk/res/android"
3    package="ca.dal.cs.csci3130.g01"
4    android:versionCode="1"
5    android:versionName="1.0" >
6
7    <uses-sdk
8        android:minSdkVersion="24"
8-->src\main\AndroidManifest.xml
9        android:targetSdkVersion="33" />
9-->src\main\AndroidManifest.xml
10    <!-- &lt;!&ndash;Permissions for internet&ndash;&gt; -->
11    <!-- <uses-permission android:name="android.permission.INTERNET" /> -->
12    <!-- <uses-permission android:name="android.permission.ACCESS_NETWORK_STATE" /> -->
13
14
15    <!-- Permissions for internet -->
16    <uses-permission android:name="android.permission.INTERNET" />
16-->src\main\AndroidManifest.xml:9:5-67
16-->src\main\AndroidManifest.xml:9:22-64
17    <uses-permission android:name="android.permission.ACCESS_NETWORK_STATE" />
17-->src\main\AndroidManifest.xml:10:5-12:45
17-->src\main\AndroidManifest.xml:11:9-63
18
19    <permission
19-->[androidx.core:core:1.9.0] AndroidManifest.xml:22:5-24:47
20        android:name="ca.dal.cs.csci3130.g01.DYNAMIC_RECEIVER_NOT_EXPORTED_PERMISSION"
20-->[androidx.core:core:1.9.0] AndroidManifest.xml:23:9-81
21        android:protectionLevel="signature" />
21-->[androidx.core:core:1.9.0] AndroidManifest.xml:24:9-44
22
23    <uses-permission android:name="ca.dal.cs.csci3130.g01.DYNAMIC_RECEIVER_NOT_EXPORTED_PERMISSION" />
23-->[androidx.core:core:1.9.0] AndroidManifest.xml:26:5-97
23-->[androidx.core:core:1.9.0] AndroidManifest.xml:26:22-94
24    <uses-permission android:name="android.permission.REORDER_TASKS" />
24-->[androidx.test:core:1.5.0] AndroidManifest.xml:24:5-72
24-->[androidx.test:core:1.5.0] AndroidManifest.xml:24:22-69
25
26    <queries>
26-->[androidx.test:runner:1.5.2] AndroidManifest.xml:24:5-28:15
27        <package android:name="androidx.test.orchestrator" />
27-->[androidx.test:runner:1.5.2] AndroidManifest.xml:25:9-62
27-->[androidx.test:runner:1.5.2] AndroidManifest.xml:25:18-59
28        <package android:name="androidx.test.services" />
28-->[androidx.test:runner:1.5.2] AndroidManifest.xml:26:9-58
28-->[androidx.test:runner:1.5.2] AndroidManifest.xml:26:18-55
29        <package android:name="com.google.android.apps.common.testing.services" />
29-->[androidx.test:runner:1.5.2] AndroidManifest.xml:27:9-83
29-->[androidx.test:runner:1.5.2] AndroidManifest.xml:27:18-80
30    </queries>
31
32    <application
32-->src\main\AndroidManifest.xml:15:5-60:19
33        android:allowBackup="true"
33-->src\main\AndroidManifest.xml:16:9-35
34        android:appComponentFactory="androidx.core.app.CoreComponentFactory"
34-->[androidx.core:core:1.9.0] AndroidManifest.xml:28:18-86
35        android:dataExtractionRules="@xml/data_extraction_rules"
35-->src\main\AndroidManifest.xml:17:9-65
36        android:debuggable="true"
37        android:extractNativeLibs="false"
38        android:fullBackupContent="@xml/backup_rules"
38-->src\main\AndroidManifest.xml:18:9-54
39        android:icon="@mipmap/ic_launcher"
39-->src\main\AndroidManifest.xml:19:9-43
40        android:label="@string/app_name"
40-->src\main\AndroidManifest.xml:20:9-41
41        android:supportsRtl="true"
41-->src\main\AndroidManifest.xml:21:9-35
42        android:theme="@style/Theme.CSCI3130Project" >
42-->src\main\AndroidManifest.xml:22:9-53
43        <activity
43-->src\main\AndroidManifest.xml:24:9-26:38
44            android:name="ca.dal.cs.csci3130.g01.ProvidersListings"
44-->src\main\AndroidManifest.xml:25:13-46
45            android:exported="true" />
45-->src\main\AndroidManifest.xml:26:13-36
46        <activity android:name="ca.dal.cs.csci3130.g01.ItemDetails" />
46-->src\main\AndroidManifest.xml:27:9-28:42
46-->src\main\AndroidManifest.xml:28:13-40
47        <activity android:name="ca.dal.cs.csci3130.g01.Profile" />
47-->src\main\AndroidManifest.xml:29:9-30:38
47-->src\main\AndroidManifest.xml:30:13-36
48        <activity android:name="ca.dal.cs.csci3130.g01.RegisterPage" />
48-->src\main\AndroidManifest.xml:31:9-32:44
48-->src\main\AndroidManifest.xml:32:13-41
49        <activity android:name="ca.dal.cs.csci3130.g01.AddProduct" >
49-->src\main\AndroidManifest.xml:33:9-35:20
49-->src\main\AndroidManifest.xml:34:13-39
50        </activity>
51        <activity
51-->src\main\AndroidManifest.xml:36:9-39:20
52            android:name="ca.dal.cs.csci3130.g01.SendRequestPage"
52-->src\main\AndroidManifest.xml:37:13-44
53            android:exported="false" >
53-->src\main\AndroidManifest.xml:38:13-37
54        </activity>
55        <activity
55-->src\main\AndroidManifest.xml:40:9-43:20
56            android:name="ca.dal.cs.csci3130.g01.RequestListPage"
56-->src\main\AndroidManifest.xml:41:13-44
57            android:exported="false" >
57-->src\main\AndroidManifest.xml:42:13-37
58        </activity>
59        <activity
59-->src\main\AndroidManifest.xml:44:9-47:20
60            android:name="ca.dal.cs.csci3130.g01.RequestDetailsPage"
60-->src\main\AndroidManifest.xml:45:13-47
61            android:exported="false" >
61-->src\main\AndroidManifest.xml:46:13-37
62        </activity>
63        <activity android:name="ca.dal.cs.csci3130.g01.EditProduct" />
63-->src\main\AndroidManifest.xml:48:9-48
63-->src\main\AndroidManifest.xml:48:19-46
64        <activity android:name="ca.dal.cs.csci3130.g01.Location" />
64-->src\main\AndroidManifest.xml:49:9-45
64-->src\main\AndroidManifest.xml:49:19-43
65        <activity android:name="ca.dal.cs.csci3130.g01.SendEmails" />
65-->src\main\AndroidManifest.xml:50:9-47
65-->src\main\AndroidManifest.xml:50:19-45
66        <activity
66-->src\main\AndroidManifest.xml:51:9-59:20
67            android:name="ca.dal.cs.csci3130.g01.LoginPage"
67-->src\main\AndroidManifest.xml:52:13-38
68            android:exported="true" >
68-->src\main\AndroidManifest.xml:53:13-36
69            <intent-filter>
69-->src\main\AndroidManifest.xml:54:13-58:29
70                <action android:name="android.intent.action.MAIN" />
70-->src\main\AndroidManifest.xml:55:17-69
70-->src\main\AndroidManifest.xml:55:25-66
71
72                <category android:name="android.intent.category.LAUNCHER" />
72-->src\main\AndroidManifest.xml:57:17-77
72-->src\main\AndroidManifest.xml:57:27-74
73            </intent-filter>
74        </activity>
75
76        <service
76-->[com.google.firebase:firebase-firestore:24.4.4] AndroidManifest.xml:16:9-22:19
77            android:name="com.google.firebase.components.ComponentDiscoveryService"
77-->[com.google.firebase:firebase-firestore:24.4.4] AndroidManifest.xml:17:13-84
78            android:directBootAware="true"
78-->[com.google.firebase:firebase-common:20.3.1] AndroidManifest.xml:34:13-43
79            android:exported="false" >
79-->[com.google.firebase:firebase-firestore:24.4.4] AndroidManifest.xml:18:13-37
80            <meta-data
80-->[com.google.firebase:firebase-firestore:24.4.4] AndroidManifest.xml:19:13-21:85
81                android:name="com.google.firebase.components:com.google.firebase.firestore.FirestoreRegistrar"
81-->[com.google.firebase:firebase-firestore:24.4.4] AndroidManifest.xml:20:17-111
82                android:value="com.google.firebase.components.ComponentRegistrar" />
82-->[com.google.firebase:firebase-firestore:24.4.4] AndroidManifest.xml:21:17-82
83        </service>
84
85        <provider
85-->[com.google.firebase:firebase-common:20.3.1] AndroidManifest.xml:25:9-30:39
86            android:name="com.google.firebase.provider.FirebaseInitProvider"
86-->[com.google.firebase:firebase-common:20.3.1] AndroidManifest.xml:26:13-77
87            android:authorities="ca.dal.cs.csci3130.g01.firebaseinitprovider"
87-->[com.google.firebase:firebase-common:20.3.1] AndroidManifest.xml:27:13-72
88            android:directBootAware="true"
88-->[com.google.firebase:firebase-common:20.3.1] AndroidManifest.xml:28:13-43
89            android:exported="false"
89-->[com.google.firebase:firebase-common:20.3.1] AndroidManifest.xml:29:13-37
90            android:initOrder="100" />
90-->[com.google.firebase:firebase-common:20.3.1] AndroidManifest.xml:30:13-36
91
92        <activity
92-->[com.google.android.gms:play-services-base:18.0.1] AndroidManifest.xml:20:9-22:45
93            android:name="com.google.android.gms.common.api.GoogleApiActivity"
93-->[com.google.android.gms:play-services-base:18.0.1] AndroidManifest.xml:20:19-85
94            android:exported="false"
94-->[com.google.android.gms:play-services-base:18.0.1] AndroidManifest.xml:22:19-43
95            android:theme="@android:style/Theme.Translucent.NoTitleBar" />
95-->[com.google.android.gms:play-services-base:18.0.1] AndroidManifest.xml:21:19-78
96
97        <meta-data
97-->[com.google.android.gms:play-services-basement:18.1.0] AndroidManifest.xml:21:9-23:69
98            android:name="com.google.android.gms.version"
98-->[com.google.android.gms:play-services-basement:18.1.0] AndroidManifest.xml:22:13-58
99            android:value="@integer/google_play_services_version" />
99-->[com.google.android.gms:play-services-basement:18.1.0] AndroidManifest.xml:23:13-66
100
101        <provider
101-->[androidx.emoji2:emoji2:1.2.0] AndroidManifest.xml:24:9-32:20
102            android:name="androidx.startup.InitializationProvider"
102-->[androidx.emoji2:emoji2:1.2.0] AndroidManifest.xml:25:13-67
103            android:authorities="ca.dal.cs.csci3130.g01.androidx-startup"
103-->[androidx.emoji2:emoji2:1.2.0] AndroidManifest.xml:26:13-68
104            android:exported="false" >
104-->[androidx.emoji2:emoji2:1.2.0] AndroidManifest.xml:27:13-37
105            <meta-data
105-->[androidx.emoji2:emoji2:1.2.0] AndroidManifest.xml:29:13-31:52
106                android:name="androidx.emoji2.text.EmojiCompatInitializer"
106-->[androidx.emoji2:emoji2:1.2.0] AndroidManifest.xml:30:17-75
107                android:value="androidx.startup" />
107-->[androidx.emoji2:emoji2:1.2.0] AndroidManifest.xml:31:17-49
108            <meta-data
108-->[androidx.lifecycle:lifecycle-process:2.4.1] AndroidManifest.xml:31:13-33:52
109                android:name="androidx.lifecycle.ProcessLifecycleInitializer"
109-->[androidx.lifecycle:lifecycle-process:2.4.1] AndroidManifest.xml:32:17-78
110                android:value="androidx.startup" />
110-->[androidx.lifecycle:lifecycle-process:2.4.1] AndroidManifest.xml:33:17-49
111        </provider>
112
113        <activity
113-->[androidx.test:core:1.5.0] AndroidManifest.xml:27:9-34:20
114            android:name="androidx.test.core.app.InstrumentationActivityInvoker$BootstrapActivity"
114-->[androidx.test:core:1.5.0] AndroidManifest.xml:28:13-99
115            android:exported="true"
115-->[androidx.test:core:1.5.0] AndroidManifest.xml:29:13-36
116            android:theme="@style/WhiteBackgroundTheme" >
116-->[androidx.test:core:1.5.0] AndroidManifest.xml:30:13-56
117            <intent-filter android:priority="-100" >
117-->[androidx.test:core:1.5.0] AndroidManifest.xml:31:13-33:29
117-->[androidx.test:core:1.5.0] AndroidManifest.xml:31:28-51
118                <category android:name="android.intent.category.LAUNCHER" />
118-->src\main\AndroidManifest.xml:57:17-77
118-->src\main\AndroidManifest.xml:57:27-74
119            </intent-filter>
120        </activity>
121        <activity
121-->[androidx.test:core:1.5.0] AndroidManifest.xml:35:9-42:20
122            android:name="androidx.test.core.app.InstrumentationActivityInvoker$EmptyActivity"
122-->[androidx.test:core:1.5.0] AndroidManifest.xml:36:13-95
123            android:exported="true"
123-->[androidx.test:core:1.5.0] AndroidManifest.xml:37:13-36
124            android:theme="@style/WhiteBackgroundTheme" >
124-->[androidx.test:core:1.5.0] AndroidManifest.xml:38:13-56
125            <intent-filter android:priority="-100" >
125-->[androidx.test:core:1.5.0] AndroidManifest.xml:31:13-33:29
125-->[androidx.test:core:1.5.0] AndroidManifest.xml:31:28-51
126                <category android:name="android.intent.category.LAUNCHER" />
126-->src\main\AndroidManifest.xml:57:17-77
126-->src\main\AndroidManifest.xml:57:27-74
127            </intent-filter>
128        </activity>
129        <activity
129-->[androidx.test:core:1.5.0] AndroidManifest.xml:43:9-50:20
130            android:name="androidx.test.core.app.InstrumentationActivityInvoker$EmptyFloatingActivity"
130-->[androidx.test:core:1.5.0] AndroidManifest.xml:44:13-103
131            android:exported="true"
131-->[androidx.test:core:1.5.0] AndroidManifest.xml:45:13-36
132            android:theme="@style/WhiteBackgroundDialogTheme" >
132-->[androidx.test:core:1.5.0] AndroidManifest.xml:46:13-62
133            <intent-filter android:priority="-100" >
133-->[androidx.test:core:1.5.0] AndroidManifest.xml:31:13-33:29
133-->[androidx.test:core:1.5.0] AndroidManifest.xml:31:28-51
134                <category android:name="android.intent.category.LAUNCHER" />
134-->src\main\AndroidManifest.xml:57:17-77
134-->src\main\AndroidManifest.xml:57:27-74
135            </intent-filter>
136        </activity>
137    </application>
138
139</manifest>